<?xml version="1.0" encoding="UTF-8"?>
<!-- Generated by org.testng.reporters.JUnitXMLReporter -->
<testsuite hostname="LAPTOP-6BLT8BB7" ignored="2" name="Test" tests="2" failures="2" timestamp="2022-12-29T20:34:45 IST" time="0.069" errors="0">
  <testcase name="checkingordersTest" time="0.01" classname="com.nopCommerce.testcases.TC_checkingordersTest_002">
    <failure type="java.lang.NullPointerException">
      <![CDATA[java.lang.NullPointerException
at com.nopCommerce.testcases.TC_checkingordersTest_002.checkingordersTest(TC_checkingordersTest_002.java:19)
at java.util.ArrayList.forEach(ArrayList.java:1257)
... Removed 27 stack frames]]>
    </failure>
  </testcase> <!-- checkingordersTest -->
  <testcase name="loginTest" time="0.001" classname="com.nopCommerce.testcases.TC_LoginTest_001">
    <failure type="java.lang.NullPointerException">
      <![CDATA[java.lang.NullPointerException
at com.nopCommerce.testcases.TC_LoginTest_001.loginTest(TC_LoginTest_001.java:17)
at java.util.ArrayList.forEach(ArrayList.java:1257)
... Removed 27 stack frames]]>
    </failure>
  </testcase> <!-- loginTest -->
  <testcase name="loginDDT" time="0.0" classname="com.nopCommerce.testcases.TC_LoginDDT_004">
    <ignored/>
  </testcase> <!-- loginDDT -->
  <testcase name="Addcustomerpage" time="0.0" classname="com.nopCommerce.testcases.TC_Addcustomerpage_003">
    <ignored/>
  </testcase> <!-- Addcustomerpage -->
</testsuite> <!-- Test -->
