<?xml version="1.0" encoding="UTF-8"?>
<!-- Generated by org.testng.reporters.JUnitXMLReporter -->
<testsuite hostname="LAPTOP-6BLT8BB7" ignored="2" name="Test1" tests="4" failures="4" timestamp="2023-01-02T22:56:27 IST" time="0.088" errors="0">
  <testcase name="checkingordersTest" time="0.013" classname="com.nopCommerce.testcases.TC_checkingordersTest_002">
    <failure type="java.lang.NullPointerException">
      <![CDATA[java.lang.NullPointerException
at com.nopCommerce.testcases.TC_checkingordersTest_002.checkingordersTest(TC_checkingordersTest_002.java:22)
at java.util.ArrayList.forEach(ArrayList.java:1257)
... Removed 27 stack frames]]>
    </failure>
  </testcase> <!-- checkingordersTest -->
  <testcase name="login" time="0.003" classname="com.nopCommerce.testcases.TC_checkingordersTest_002">
    <failure type="java.lang.NullPointerException">
      <![CDATA[java.lang.NullPointerException
at com.nopCommerce.testcases.TC_checkingordersTest_002.login(TC_checkingordersTest_002.java:49)
at java.util.ArrayList.forEach(ArrayList.java:1257)
... Removed 27 stack frames]]>
    </failure>
  </testcase> <!-- login -->
  <testcase name="setusername" time="0.002" classname="com.nopCommerce.testcases.TC_checkingordersTest_002">
    <failure type="java.lang.NullPointerException">
      <![CDATA[java.lang.NullPointerException
at com.nopCommerce.testcases.TC_checkingordersTest_002.setusername(TC_checkingordersTest_002.java:35)
at java.util.ArrayList.forEach(ArrayList.java:1257)
... Removed 27 stack frames]]>
    </failure>
  </testcase> <!-- setusername -->
  <testcase name="loginTest" time="0.002" classname="com.nopCommerce.testcases.TC_LoginTest_001">
    <failure type="java.lang.NullPointerException">
      <![CDATA[java.lang.NullPointerException
at com.nopCommerce.testcases.TC_LoginTest_001.loginTest(TC_LoginTest_001.java:17)
at java.util.ArrayList.forEach(ArrayList.java:1257)
... Removed 27 stack frames]]>
    </failure>
  </testcase> <!-- loginTest -->
  <testcase name="loginDDT" time="0.0" classname="com.nopCommerce.testcases.TC_LoginDDT_004">
    <ignored/>
  </testcase> <!-- loginDDT -->
  <testcase name="Addcustomerpage" time="0.0" classname="com.nopCommerce.testcases.TC_Addcustomerpage_003">
    <ignored/>
  </testcase> <!-- Addcustomerpage -->
</testsuite> <!-- Test1 -->
